<?xml version="1.0" encoding="UTF-8"?>
<!-- Generated by org.testng.reporters.JUnitXMLReporter -->
<testsuite ignored="0" hostname="HKB_INDIA" failures="0" tests="2" name="dataProvider_FillForm Test" time="0.012" errors="0" timestamp="2023-06-28T12:33:19 IST">
  <testcase classname="hkbdevelopment.dataProvider_FillForm" name="fillFormTest" time="0.0">
    <skipped/>
  </testcase> <!-- fillFormTest -->
  <testcase classname="hkbdevelopment.dataProvider_FillForm" name="fillFormTest" time="0.0">
    <skipped/>
  </testcase> <!-- fillFormTest -->
</testsuite> <!-- dataProvider_FillForm Test -->
