<?xml version="1.0" encoding="UTF-8"?>
<!-- Generated by org.testng.reporters.JUnitXMLReporter -->
<testsuite ignored="0" hostname="HKB_INDIA" failures="1" tests="5" name="Test" time="171.681" errors="0" timestamp="2023-06-21T15:42:17 IST">
  <testcase classname="hkbdevelopment.dataProvider_FillForm" name="@BeforeMethod preSetup" time="0.746">
    <failure type="org.openqa.selenium.WebDriverException" message="An unknown server-side error occurred while processing the command. Original error: Cannot start the &amp;apos;com.androidsample.generalstore&amp;apos; application. Consider checking the driver&amp;apos;s troubleshooting documentation. Original error: Error executing adbExec. Original error: &amp;apos;Command &amp;apos;C:\\Users\\hkb-d\\AppData\\Local\\Android\\Sdk\\platform-tools\\adb.exe -P 5037 -s emulator-5554 shell am start -W -n com.androidsample.generalstore/com.androidsample.generalstore.MainActivity -S&amp;apos; exited with code 255&amp;apos;; Command output: Security exception: Permission Denial: starting Intent { flg=0x10000000 cmp=com.androidsample.generalstore/.MainActivity } from null (pid=10155, uid=2000) not exported from uid 10090

java.lang.SecurityException: Permission Denial: starting Intent { flg=0x10000000 cmp=com.androidsample.generalstore/.MainActivity } from null (pid=10155, uid=2000) not exported from uid 10090
	at com.android.server.am.ActivityStackSupervisor.checkStartAnyActivityPermission(ActivityStackSupervisor.java:1788)
	at com.android.server.am.ActivityStarter.startActivity(ActivityStarter.java:717)
	at com.android.server.am.ActivityStarter.startActivity(ActivityStarter.java:544)
	at com.android.server.am.ActivityStarter.startActivityMayWait(ActivityStarter.java:1099)
	at com.android.server.am.ActivityStarter.execute(ActivityStarter.java:486)
	at com.android.server.am.ActivityManagerService.startActivityAndWait(ActivityManagerService.java:5234)
	at com.android.server.am.ActivityManagerShellCommand.runStartActivity(ActivityManagerShellCommand.java:474)
	at com.android.server.am.ActivityManagerShellCommand.onCommand(ActivityManagerShellCommand.java:161)
	at android.os.ShellCommand.exec(ShellCommand.java:103)
	at com.android.server.am.ActivityManagerService.onShellCommand(ActivityManagerService.java:16012)
	at android.os.Binder.shellCommand(Binder.java:634)
	at android.os.Binder.onTransact(Binder.java:532)
	at android.app.IActivityManager$Stub.onTransact(IActivityManager.java:3592)
	at com.android.server.am.ActivityManagerService.onTransact(ActivityManagerService.java:3291)
	at android.os.Binder.execTransact(Binder.java:731)

Build info: version: &amp;apos;4.10.0&amp;apos;, revision: &amp;apos;c14d967899&amp;apos;
System info: os.name: &amp;apos;Windows 11&amp;apos;, os.arch: &amp;apos;amd64&amp;apos;, os.version: &amp;apos;10.0&amp;apos;, java.version: &amp;apos;17.0.7&amp;apos;
Driver info: io.appium.java_client.android.AndroidDriver
Command: [9d35c9b7-393d-46a5-a725-c6b6c1a22c51, startActivity {appPackage=com.androidsample.generalstore, appActivity=com.androidsample.generalstore.MainActivity, appWaitPackage=, appWaitActivity=, dontStopAppOnReset=false, intentAction=, intentCategory=, intentFlags=, optionalIntentArguments=}]
Capabilities {appium:app: C:\Users\hkb-d\eclipse-work..., appium:appPackage: com.androidsample.generalstore, appium:automationName: UIAutomator2, appium:chromedriverExecutable: C:\Users\hkb-d\eclipse-work..., appium:databaseEnabled: false, appium:desired: {app: C:\Users\hkb-d\eclipse-work..., automationName: UIAutomator2, chromedriverExecutable: C:\Users\hkb-d\eclipse-work..., deviceName: Swara, platformName: ANDROID}, appium:deviceApiLevel: 28, appium:deviceManufacturer: Google, appium:deviceModel: AOSP on IA Emulator, appium:deviceName: emulator-5554, appium:deviceScreenDensity: 420, appium:deviceScreenSize: 1080x1920, appium:deviceUDID: emulator-5554, appium:javascriptEnabled: true, appium:locationContextEnabled: false, appium:networkConnectionEnabled: true, appium:pixelRatio: 2.625, appium:platformVersion: 9, appium:statBarHeight: 63, appium:takesScreenshot: true, appium:viewportRect: {height: 1731, left: 0, top: 63, width: 1080}, appium:warnings: {}, appium:webStorageEnabled: false, platformName: ANDROID}
Session ID: 9d35c9b7-393d-46a5-a725-c6b6c1a22c51">
      <![CDATA[org.openqa.selenium.WebDriverException: An unknown server-side error occurred while processing the command. Original error: Cannot start the 'com.androidsample.generalstore' application. Consider checking the driver's troubleshooting documentation. Original error: Error executing adbExec. Original error: 'Command 'C:\\Users\\hkb-d\\AppData\\Local\\Android\\Sdk\\platform-tools\\adb.exe -P 5037 -s emulator-5554 shell am start -W -n com.androidsample.generalstore/com.androidsample.generalstore.MainActivity -S' exited with code 255'; Command output: Security exception: Permission Denial: starting Intent { flg=0x10000000 cmp=com.androidsample.generalstore/.MainActivity } from null (pid=10155, uid=2000) not exported from uid 10090

java.lang.SecurityException: Permission Denial: starting Intent { flg=0x10000000 cmp=com.androidsample.generalstore/.MainActivity } from null (pid=10155, uid=2000) not exported from uid 10090
at com.android.server.am.ActivityStackSupervisor.checkStartAnyActivityPermission(ActivityStackSupervisor.java:1788)
at com.android.server.am.ActivityStarter.startActivity(ActivityStarter.java:717)
at com.android.server.am.ActivityStarter.startActivity(ActivityStarter.java:544)
at com.android.server.am.ActivityStarter.startActivityMayWait(ActivityStarter.java:1099)
at com.android.server.am.ActivityStarter.execute(ActivityStarter.java:486)
at com.android.server.am.ActivityManagerService.startActivityAndWait(ActivityManagerService.java:5234)
at com.android.server.am.ActivityManagerShellCommand.runStartActivity(ActivityManagerShellCommand.java:474)
at com.android.server.am.ActivityManagerShellCommand.onCommand(ActivityManagerShellCommand.java:161)
at android.os.ShellCommand.exec(ShellCommand.java:103)
at com.android.server.am.ActivityManagerService.onShellCommand(ActivityManagerService.java:16012)
at android.os.Binder.shellCommand(Binder.java:634)
at android.os.Binder.onTransact(Binder.java:532)
at android.app.IActivityManager$Stub.onTransact(IActivityManager.java:3592)
at com.android.server.am.ActivityManagerService.onTransact(ActivityManagerService.java:3291)
at android.os.Binder.execTransact(Binder.java:731)

Build info: version: '4.10.0', revision: 'c14d967899'
System info: os.name: 'Windows 11', os.arch: 'amd64', os.version: '10.0', java.version: '17.0.7'
Driver info: io.appium.java_client.android.AndroidDriver
Command: [9d35c9b7-393d-46a5-a725-c6b6c1a22c51, startActivity {appPackage=com.androidsample.generalstore, appActivity=com.androidsample.generalstore.MainActivity, appWaitPackage=, appWaitActivity=, dontStopAppOnReset=false, intentAction=, intentCategory=, intentFlags=, optionalIntentArguments=}]
Capabilities {appium:app: C:\Users\hkb-d\eclipse-work..., appium:appPackage: com.androidsample.generalstore, appium:automationName: UIAutomator2, appium:chromedriverExecutable: C:\Users\hkb-d\eclipse-work..., appium:databaseEnabled: false, appium:desired: {app: C:\Users\hkb-d\eclipse-work..., automationName: UIAutomator2, chromedriverExecutable: C:\Users\hkb-d\eclipse-work..., deviceName: Swara, platformName: ANDROID}, appium:deviceApiLevel: 28, appium:deviceManufacturer: Google, appium:deviceModel: AOSP on IA Emulator, appium:deviceName: emulator-5554, appium:deviceScreenDensity: 420, appium:deviceScreenSize: 1080x1920, appium:deviceUDID: emulator-5554, appium:javascriptEnabled: true, appium:locationContextEnabled: false, appium:networkConnectionEnabled: true, appium:pixelRatio: 2.625, appium:platformVersion: 9, appium:statBarHeight: 63, appium:takesScreenshot: true, appium:viewportRect: {height: 1731, left: 0, top: 63, width: 1080}, appium:warnings: {}, appium:webStorageEnabled: false, platformName: ANDROID}
Session ID: 9d35c9b7-393d-46a5-a725-c6b6c1a22c51
at org.openqa.selenium.remote.codec.w3c.W3CHttpResponseCodec.createException(W3CHttpResponseCodec.java:199)
at org.openqa.selenium.remote.codec.w3c.W3CHttpResponseCodec.decode(W3CHttpResponseCodec.java:132)
at org.openqa.selenium.remote.codec.w3c.W3CHttpResponseCodec.decode(W3CHttpResponseCodec.java:51)
at org.openqa.selenium.remote.HttpCommandExecutor.execute(HttpCommandExecutor.java:191)
at io.appium.java_client.remote.AppiumCommandExecutor.execute(AppiumCommandExecutor.java:250)
at org.openqa.selenium.remote.RemoteWebDriver.execute(RemoteWebDriver.java:531)
at org.openqa.selenium.remote.RemoteWebDriver.execute(RemoteWebDriver.java:590)
at io.appium.java_client.AppiumDriver.execute(AppiumDriver.java:308)
at io.appium.java_client.CommandExecutionHelper.execute(CommandExecutionHelper.java:35)
at io.appium.java_client.android.StartsActivity.startActivity(StartsActivity.java:54)
at hkbdevelopment.dataProvider_FillForm.preSetup(dataProvider_FillForm.java:18)
at java.base/java.util.ArrayList.forEach(ArrayList.java:1511)
... Removed 36 stack frames]]>
    </failure>
  </testcase> <!-- @BeforeMethod preSetup -->
  <testcase classname="hkbdevelopment.dataProvider_FillForm" name="@BeforeMethod preSetup" time="0.0">
    <skipped/>
  </testcase> <!-- @BeforeMethod preSetup -->
  <testcase classname="hkbdevelopment.BaseTest" name="@AfterClass tearDown" time="0.0">
    <skipped/>
  </testcase> <!-- @AfterClass tearDown -->
  <testcase classname="hkbdevelopment.HandleHybridApp" name="handleHybridAppTest" time="90.178">
    <failure type="org.openqa.selenium.NoSuchElementException" message="no such element: Unable to locate element: {&amp;quot;method&amp;quot;:&amp;quot;xpath&amp;quot;,&amp;quot;selector&amp;quot;:&amp;quot;//textarea[@name=&amp;apos;q&amp;apos;]&amp;quot;}
  (Session info: chrome=114.0.5735.60)
For documentation on this error, please visit: https://www.selenium.dev/documentation/webdriver/troubleshooting/errors#no-such-element-exception
Build info: version: &amp;apos;4.10.0&amp;apos;, revision: &amp;apos;c14d967899&amp;apos;
System info: os.name: &amp;apos;Windows 11&amp;apos;, os.arch: &amp;apos;amd64&amp;apos;, os.version: &amp;apos;10.0&amp;apos;, java.version: &amp;apos;17.0.7&amp;apos;
Driver info: io.appium.java_client.android.AndroidDriver
Command: [e27efc9b-642c-4c7f-82e4-e74e5c95893e, findElement {using=xpath, value=//textarea[@name=&amp;apos;q&amp;apos;]}]
Capabilities {appium:app: C:\Users\hkb-d\eclipse-work..., appium:appPackage: com.androidsample.generalstore, appium:automationName: UIAutomator2, appium:chromedriverExecutable: C:\Users\hkb-d\eclipse-work..., appium:databaseEnabled: false, appium:desired: {app: C:\Users\hkb-d\eclipse-work..., automationName: UIAutomator2, chromedriverExecutable: C:\Users\hkb-d\eclipse-work..., deviceName: Swara, platformName: ANDROID}, appium:deviceApiLevel: 28, appium:deviceManufacturer: Google, appium:deviceModel: AOSP on IA Emulator, appium:deviceName: emulator-5554, appium:deviceScreenDensity: 420, appium:deviceScreenSize: 1080x1920, appium:deviceUDID: emulator-5554, appium:javascriptEnabled: true, appium:locationContextEnabled: false, appium:networkConnectionEnabled: true, appium:pixelRatio: 2.625, appium:platformVersion: 9, appium:statBarHeight: 63, appium:takesScreenshot: true, appium:viewportRect: {height: 1731, left: 0, top: 63, width: 1080}, appium:warnings: {}, appium:webStorageEnabled: false, platformName: ANDROID}
Session ID: e27efc9b-642c-4c7f-82e4-e74e5c95893e">
      <![CDATA[org.openqa.selenium.NoSuchElementException: no such element: Unable to locate element: {"method":"xpath","selector":"//textarea[@name='q']"}
  (Session info: chrome=114.0.5735.60)
For documentation on this error, please visit: https://www.selenium.dev/documentation/webdriver/troubleshooting/errors#no-such-element-exception
Build info: version: '4.10.0', revision: 'c14d967899'
System info: os.name: 'Windows 11', os.arch: 'amd64', os.version: '10.0', java.version: '17.0.7'
Driver info: io.appium.java_client.android.AndroidDriver
Command: [e27efc9b-642c-4c7f-82e4-e74e5c95893e, findElement {using=xpath, value=//textarea[@name='q']}]
Capabilities {appium:app: C:\Users\hkb-d\eclipse-work..., appium:appPackage: com.androidsample.generalstore, appium:automationName: UIAutomator2, appium:chromedriverExecutable: C:\Users\hkb-d\eclipse-work..., appium:databaseEnabled: false, appium:desired: {app: C:\Users\hkb-d\eclipse-work..., automationName: UIAutomator2, chromedriverExecutable: C:\Users\hkb-d\eclipse-work..., deviceName: Swara, platformName: ANDROID}, appium:deviceApiLevel: 28, appium:deviceManufacturer: Google, appium:deviceModel: AOSP on IA Emulator, appium:deviceName: emulator-5554, appium:deviceScreenDensity: 420, appium:deviceScreenSize: 1080x1920, appium:deviceUDID: emulator-5554, appium:javascriptEnabled: true, appium:locationContextEnabled: false, appium:networkConnectionEnabled: true, appium:pixelRatio: 2.625, appium:platformVersion: 9, appium:statBarHeight: 63, appium:takesScreenshot: true, appium:viewportRect: {height: 1731, left: 0, top: 63, width: 1080}, appium:warnings: {}, appium:webStorageEnabled: false, platformName: ANDROID}
Session ID: e27efc9b-642c-4c7f-82e4-e74e5c95893e
at org.openqa.selenium.remote.codec.w3c.W3CHttpResponseCodec.createException(W3CHttpResponseCodec.java:199)
at org.openqa.selenium.remote.codec.w3c.W3CHttpResponseCodec.decode(W3CHttpResponseCodec.java:132)
at org.openqa.selenium.remote.codec.w3c.W3CHttpResponseCodec.decode(W3CHttpResponseCodec.java:51)
at org.openqa.selenium.remote.HttpCommandExecutor.execute(HttpCommandExecutor.java:191)
at io.appium.java_client.remote.AppiumCommandExecutor.execute(AppiumCommandExecutor.java:250)
at org.openqa.selenium.remote.RemoteWebDriver.execute(RemoteWebDriver.java:531)
at org.openqa.selenium.remote.ElementLocation$ElementFinder$2.findElement(ElementLocation.java:165)
at org.openqa.selenium.remote.ElementLocation.findElement(ElementLocation.java:59)
at org.openqa.selenium.remote.RemoteWebDriver.findElement(RemoteWebDriver.java:350)
at org.openqa.selenium.remote.RemoteWebDriver.findElement(RemoteWebDriver.java:344)
at hkbdevelopment.HandleHybridApp.handleHybridAppTest(HandleHybridApp.java:82)
at java.base/java.util.ArrayList.forEach(ArrayList.java:1511)
... Removed 32 stack frames]]>
    </failure>
  </testcase> <!-- handleHybridAppTest -->
  <testcase classname="hkbdevelopment.ValidateAmount" name="validateAmountTest" time="24.439"/>
  <testcase classname="hkbdevelopment.FillFormDemo" name="fillFormTest" time="16.432"/>
  <testcase classname="hkbdevelopment.dataProvider_FillForm" name="fillFormTest" time="0.0">
    <skipped/>
  </testcase> <!-- fillFormTest -->
  <testcase classname="hkbdevelopment.dataProvider_FillForm" name="fillFormTest" time="0.0">
    <skipped/>
  </testcase> <!-- fillFormTest -->
</testsuite> <!-- Test -->
